<?xml version="1.0" encoding="UTF-8"?>
<testsuite xmlns:xsi="http://www.w3.org/2001/XMLSchema-instance" xsi:noNamespaceSchemaLocation="https://maven.apache.org/surefire/maven-surefire-plugin/xsd/surefire-test-report.xsd" version="3.0.2" name="io.cucumber.junit.platform.engine.CucumberTestEngine" time="0.337" tests="13" errors="7" skipped="0" failures="0">
  <properties>
[...]
</properties>
  <testcase name="Activity management - Create a new activity" classname="Activity management" time="0.156">
    <error message="Step [I create an activity named {string} with {int} hours, start week {int}, and end week {int}] is defined with 5 parameters at &apos;hellocucumber.StepDefinitions.i_create_an_activity(java.lang.String,java.lang.Integer,java.lang.Integer,java.lang.Integer,java.lang.Integer)&apos;.&#10;However, the gherkin step has 4 arguments:&#10; * &quot;Design&quot;&#10; * 50&#10; * 12&#10; * 16&#10;Step text: I create an activity named &quot;Design&quot; with 50 hours, start week 12, and end week 16" type="io.cucumber.core.exception.CucumberException"><![CDATA[io.cucumber.core.exception.CucumberException: 
Step [I create an activity named {string} with {int} hours, start week {int}, and end week {int}] is defined with 5 parameters at 'hellocucumber.StepDefinitions.i_create_an_activity(java.lang.String,java.lang.Integer,java.lang.Integer,java.lang.Integer,java.lang.Integer)'.
However, the gherkin step has 4 arguments:
 * "Design"
 * 50
 * 12
 * 16
Step text: I create an activity named "Design" with 50 hours, start week 12, and end week 16
	at io.cucumber.core.runner.PickleStepDefinitionMatch.arityMismatch(PickleStepDefinitionMatch.java:82)
	at io.cucumber.core.runner.PickleStepDefinitionMatch.runStep(PickleStepDefinitionMatch.java:41)
	at io.cucumber.core.runner.ExecutionMode$1.execute(ExecutionMode.java:10)
	at io.cucumber.core.runner.TestStep.executeStep(TestStep.java:81)
	at io.cucumber.core.runner.TestStep.run(TestStep.java:53)
	at io.cucumber.core.runner.PickleStepTestStep.run(PickleStepTestStep.java:51)
	at io.cucumber.core.runner.TestCase.run(TestCase.java:84)
	at io.cucumber.core.runner.Runner.runPickle(Runner.java:75)
	at io.cucumber.junit.platform.engine.CucumberEngineExecutionContext.lambda$runTestCase$4(CucumberEngineExecutionContext.java:114)
	at io.cucumber.core.runtime.CucumberExecutionContext.lambda$runTestCase$5(CucumberExecutionContext.java:136)
	at io.cucumber.core.runtime.RethrowingThrowableCollector.executeAndThrow(RethrowingThrowableCollector.java:23)
	at io.cucumber.core.runtime.CucumberExecutionContext.runTestCase(CucumberExecutionContext.java:136)
	at io.cucumber.junit.platform.engine.CucumberEngineExecutionContext.runTestCase(CucumberEngineExecutionContext.java:111)
	at io.cucumber.junit.platform.engine.NodeDescriptor$PickleDescriptor.execute(NodeDescriptor.java:168)
	at io.cucumber.junit.platform.engine.NodeDescriptor$PickleDescriptor.execute(NodeDescriptor.java:90)
	at java.base/java.util.ArrayList.forEach(ArrayList.java:1597)
	at java.base/java.util.ArrayList.forEach(ArrayList.java:1597)
]]></error>
    <system-err><![CDATA[maj 10, 2025 4:51:42 PM io.cucumber.junit.platform.engine.DiscoverySelectorResolver warnWhenCucumberFeaturesPropertyIsUsed
WARNING: Discovering tests using the cucumber.features property. Other discovery selectors are ignored!

This is a work around for the limited JUnit 5 support in Maven and Gradle. Please request/upvote/sponsor/ect better support for JUnit 5 discovery selectors. For details see: https://github.com/cucumber/cucumber-jvm/pull/2498

If you are using the JUnit 5 Suite Engine, Platform Launcher API or Console Launcher you should not use this property. Please consult the JUnit 5 documentation on test selection.
]]></system-err>
  </testcase>
  <testcase name="Activity management - Edit activity properties" classname="Activity management" time="0.011">
    <error message="Step [I create an activity named {string} with {int} hours, start week {int}, and end week {int}] is defined with 5 parameters at &apos;hellocucumber.StepDefinitions.i_create_an_activity(java.lang.String,java.lang.Integer,java.lang.Integer,java.lang.Integer,java.lang.Integer)&apos;.&#10;However, the gherkin step has 4 arguments:&#10; * &quot;Temp&quot;&#10; * 10&#10; * 1&#10; * 2&#10;Step text: I create an activity named &quot;Temp&quot; with 10 hours, start week 1, and end week 2" type="io.cucumber.core.exception.CucumberException"><![CDATA[io.cucumber.core.exception.CucumberException: 
Step [I create an activity named {string} with {int} hours, start week {int}, and end week {int}] is defined with 5 parameters at 'hellocucumber.StepDefinitions.i_create_an_activity(java.lang.String,java.lang.Integer,java.lang.Integer,java.lang.Integer,java.lang.Integer)'.
However, the gherkin step has 4 arguments:
 * "Temp"
 * 10
 * 1
 * 2
Step text: I create an activity named "Temp" with 10 hours, start week 1, and end week 2
	at io.cucumber.core.runner.PickleStepDefinitionMatch.arityMismatch(PickleStepDefinitionMatch.java:82)
	at io.cucumber.core.runner.PickleStepDefinitionMatch.runStep(PickleStepDefinitionMatch.java:41)
	at io.cucumber.core.runner.ExecutionMode$1.execute(ExecutionMode.java:10)
	at io.cucumber.core.runner.TestStep.executeStep(TestStep.java:81)
	at io.cucumber.core.runner.TestStep.run(TestStep.java:53)
	at io.cucumber.core.runner.PickleStepTestStep.run(PickleStepTestStep.java:51)
	at io.cucumber.core.runner.TestCase.run(TestCase.java:84)
	at io.cucumber.core.runner.Runner.runPickle(Runner.java:75)
	at io.cucumber.junit.platform.engine.CucumberEngineExecutionContext.lambda$runTestCase$4(CucumberEngineExecutionContext.java:114)
	at io.cucumber.core.runtime.CucumberExecutionContext.lambda$runTestCase$5(CucumberExecutionContext.java:136)
	at io.cucumber.core.runtime.RethrowingThrowableCollector.executeAndThrow(RethrowingThrowableCollector.java:23)
	at io.cucumber.core.runtime.CucumberExecutionContext.runTestCase(CucumberExecutionContext.java:136)
	at io.cucumber.junit.platform.engine.CucumberEngineExecutionContext.runTestCase(CucumberEngineExecutionContext.java:111)
	at io.cucumber.junit.platform.engine.NodeDescriptor$PickleDescriptor.execute(NodeDescriptor.java:168)
	at io.cucumber.junit.platform.engine.NodeDescriptor$PickleDescriptor.execute(NodeDescriptor.java:90)
	at java.base/java.util.ArrayList.forEach(ArrayList.java:1597)
	at java.base/java.util.ArrayList.forEach(ArrayList.java:1597)
]]></error>
  </testcase>
  <testcase name="Activity management - Update status" classname="Activity management" time="0.009">
    <error message="Step [I create an activity named {string} with {int} hours, start week {int}, and end week {int}] is defined with 5 parameters at &apos;hellocucumber.StepDefinitions.i_create_an_activity(java.lang.String,java.lang.Integer,java.lang.Integer,java.lang.Integer,java.lang.Integer)&apos;.&#10;However, the gherkin step has 4 arguments:&#10; * &quot;QA&quot;&#10; * 30&#10; * 20&#10; * 22&#10;Step text: I create an activity named &quot;QA&quot; with 30 hours, start week 20, and end week 22" type="io.cucumber.core.exception.CucumberException"><![CDATA[io.cucumber.core.exception.CucumberException: 
Step [I create an activity named {string} with {int} hours, start week {int}, and end week {int}] is defined with 5 parameters at 'hellocucumber.StepDefinitions.i_create_an_activity(java.lang.String,java.lang.Integer,java.lang.Integer,java.lang.Integer,java.lang.Integer)'.
However, the gherkin step has 4 arguments:
 * "QA"
 * 30
 * 20
 * 22
Step text: I create an activity named "QA" with 30 hours, start week 20, and end week 22
	at io.cucumber.core.runner.PickleStepDefinitionMatch.arityMismatch(PickleStepDefinitionMatch.java:82)
	at io.cucumber.core.runner.PickleStepDefinitionMatch.runStep(PickleStepDefinitionMatch.java:41)
	at io.cucumber.core.runner.ExecutionMode$1.execute(ExecutionMode.java:10)
	at io.cucumber.core.runner.TestStep.executeStep(TestStep.java:81)
	at io.cucumber.core.runner.TestStep.run(TestStep.java:53)
	at io.cucumber.core.runner.PickleStepTestStep.run(PickleStepTestStep.java:51)
	at io.cucumber.core.runner.TestCase.run(TestCase.java:84)
	at io.cucumber.core.runner.Runner.runPickle(Runner.java:75)
	at io.cucumber.junit.platform.engine.CucumberEngineExecutionContext.lambda$runTestCase$4(CucumberEngineExecutionContext.java:114)
	at io.cucumber.core.runtime.CucumberExecutionContext.lambda$runTestCase$5(CucumberExecutionContext.java:136)
	at io.cucumber.core.runtime.RethrowingThrowableCollector.executeAndThrow(RethrowingThrowableCollector.java:23)
	at io.cucumber.core.runtime.CucumberExecutionContext.runTestCase(CucumberExecutionContext.java:136)
	at io.cucumber.junit.platform.engine.CucumberEngineExecutionContext.runTestCase(CucumberEngineExecutionContext.java:111)
	at io.cucumber.junit.platform.engine.NodeDescriptor$PickleDescriptor.execute(NodeDescriptor.java:168)
	at io.cucumber.junit.platform.engine.NodeDescriptor$PickleDescriptor.execute(NodeDescriptor.java:90)
	at java.base/java.util.ArrayList.forEach(ArrayList.java:1597)
	at java.base/java.util.ArrayList.forEach(ArrayList.java:1597)
]]></error>
  </testcase>
  <testcase name="Activity management - assigning a user to an activity" classname="Activity management" time="0.007">
    <error message="Step [I create an activity named {string} with {int} hours, start week {int}, and end week {int}] is defined with 5 parameters at &apos;hellocucumber.StepDefinitions.i_create_an_activity(java.lang.String,java.lang.Integer,java.lang.Integer,java.lang.Integer,java.lang.Integer)&apos;.&#10;However, the gherkin step has 4 arguments:&#10; * &quot;Development&quot;&#10; * 40&#10; * 15&#10; * 20&#10;Step text: I create an activity named &quot;Development&quot; with 40 hours, start week 15, and end week 20" type="io.cucumber.core.exception.CucumberException"><![CDATA[io.cucumber.core.exception.CucumberException: 
Step [I create an activity named {string} with {int} hours, start week {int}, and end week {int}] is defined with 5 parameters at 'hellocucumber.StepDefinitions.i_create_an_activity(java.lang.String,java.lang.Integer,java.lang.Integer,java.lang.Integer,java.lang.Integer)'.
However, the gherkin step has 4 arguments:
 * "Development"
 * 40
 * 15
 * 20
Step text: I create an activity named "Development" with 40 hours, start week 15, and end week 20
	at io.cucumber.core.runner.PickleStepDefinitionMatch.arityMismatch(PickleStepDefinitionMatch.java:82)
	at io.cucumber.core.runner.PickleStepDefinitionMatch.runStep(PickleStepDefinitionMatch.java:41)
	at io.cucumber.core.runner.ExecutionMode$1.execute(ExecutionMode.java:10)
	at io.cucumber.core.runner.TestStep.executeStep(TestStep.java:81)
	at io.cucumber.core.runner.TestStep.run(TestStep.java:53)
	at io.cucumber.core.runner.PickleStepTestStep.run(PickleStepTestStep.java:51)
	at io.cucumber.core.runner.TestCase.run(TestCase.java:84)
	at io.cucumber.core.runner.Runner.runPickle(Runner.java:75)
	at io.cucumber.junit.platform.engine.CucumberEngineExecutionContext.lambda$runTestCase$4(CucumberEngineExecutionContext.java:114)
	at io.cucumber.core.runtime.CucumberExecutionContext.lambda$runTestCase$5(CucumberExecutionContext.java:136)
	at io.cucumber.core.runtime.RethrowingThrowableCollector.executeAndThrow(RethrowingThrowableCollector.java:23)
	at io.cucumber.core.runtime.CucumberExecutionContext.runTestCase(CucumberExecutionContext.java:136)
	at io.cucumber.junit.platform.engine.CucumberEngineExecutionContext.runTestCase(CucumberEngineExecutionContext.java:111)
	at io.cucumber.junit.platform.engine.NodeDescriptor$PickleDescriptor.execute(NodeDescriptor.java:168)
	at io.cucumber.junit.platform.engine.NodeDescriptor$PickleDescriptor.execute(NodeDescriptor.java:90)
	at java.base/java.util.ArrayList.forEach(ArrayList.java:1597)
	at java.base/java.util.ArrayList.forEach(ArrayList.java:1597)
]]></error>
  </testcase>
  <testcase name="Project management - Create a project and verify its details" classname="Project management" time="0.024"/>
  <testcase name="Project management - Set and check project leader" classname="Project management" time="0.006"/>
  <testcase name="Project management - Mark project as done" classname="Project management" time="0.005"/>
  <testcase name="Project management - Add activities to a project" classname="Project management" time="0.006">
    <error message="Step [I create an activity named {string} with {int} hours, start week {int}, and end week {int}] is defined with 5 parameters at &apos;hellocucumber.StepDefinitions.i_create_an_activity(java.lang.String,java.lang.Integer,java.lang.Integer,java.lang.Integer,java.lang.Integer)&apos;.&#10;However, the gherkin step has 4 arguments:&#10; * &quot;Testing&quot;&#10; * 20&#10; * 5&#10; * 7&#10;Step text: I create an activity named &quot;Testing&quot; with 20 hours, start week 5, and end week 7" type="io.cucumber.core.exception.CucumberException"><![CDATA[io.cucumber.core.exception.CucumberException: 
Step [I create an activity named {string} with {int} hours, start week {int}, and end week {int}] is defined with 5 parameters at 'hellocucumber.StepDefinitions.i_create_an_activity(java.lang.String,java.lang.Integer,java.lang.Integer,java.lang.Integer,java.lang.Integer)'.
However, the gherkin step has 4 arguments:
 * "Testing"
 * 20
 * 5
 * 7
Step text: I create an activity named "Testing" with 20 hours, start week 5, and end week 7
	at io.cucumber.core.runner.PickleStepDefinitionMatch.arityMismatch(PickleStepDefinitionMatch.java:82)
	at io.cucumber.core.runner.PickleStepDefinitionMatch.runStep(PickleStepDefinitionMatch.java:41)
	at io.cucumber.core.runner.ExecutionMode$1.execute(ExecutionMode.java:10)
	at io.cucumber.core.runner.TestStep.executeStep(TestStep.java:81)
	at io.cucumber.core.runner.TestStep.run(TestStep.java:53)
	at io.cucumber.core.runner.PickleStepTestStep.run(PickleStepTestStep.java:51)
	at io.cucumber.core.runner.TestCase.run(TestCase.java:84)
	at io.cucumber.core.runner.Runner.runPickle(Runner.java:75)
	at io.cucumber.junit.platform.engine.CucumberEngineExecutionContext.lambda$runTestCase$4(CucumberEngineExecutionContext.java:114)
	at io.cucumber.core.runtime.CucumberExecutionContext.lambda$runTestCase$5(CucumberExecutionContext.java:136)
	at io.cucumber.core.runtime.RethrowingThrowableCollector.executeAndThrow(RethrowingThrowableCollector.java:23)
	at io.cucumber.core.runtime.CucumberExecutionContext.runTestCase(CucumberExecutionContext.java:136)
	at io.cucumber.junit.platform.engine.CucumberEngineExecutionContext.runTestCase(CucumberEngineExecutionContext.java:111)
	at io.cucumber.junit.platform.engine.NodeDescriptor$PickleDescriptor.execute(NodeDescriptor.java:168)
	at io.cucumber.junit.platform.engine.NodeDescriptor$PickleDescriptor.execute(NodeDescriptor.java:90)
	at java.base/java.util.ArrayList.forEach(ArrayList.java:1597)
	at java.base/java.util.ArrayList.forEach(ArrayList.java:1597)
]]></error>
  </testcase>
  <testcase name="Project Management System Core and system holder - Creating projects through the system" classname="Project Management System Core and system holder" time="0.007"/>
  <testcase name="Project Management System Core and system holder - Getting all projects" classname="Project Management System Core and system holder" time="0.005"/>
  <testcase name="Project Management System Core and system holder - Getting or creating employees" classname="Project Management System Core and system holder" time="0.005"/>
  <testcase name="Registering hours on an activity - An employee registers hours" classname="Registering hours on an activity" time="0.006">
    <error message="Step [I create an activity named {string} with {int} hours, start week {int}, and end week {int}] is defined with 5 parameters at &apos;hellocucumber.StepDefinitions.i_create_an_activity(java.lang.String,java.lang.Integer,java.lang.Integer,java.lang.Integer,java.lang.Integer)&apos;.&#10;However, the gherkin step has 4 arguments:&#10; * &quot;Implementation&quot;&#10; * 100&#10; * 10&#10; * 15&#10;Step text: I create an activity named &quot;Implementation&quot; with 100 hours, start week 10, and end week 15" type="io.cucumber.core.exception.CucumberException"><![CDATA[io.cucumber.core.exception.CucumberException: 
Step [I create an activity named {string} with {int} hours, start week {int}, and end week {int}] is defined with 5 parameters at 'hellocucumber.StepDefinitions.i_create_an_activity(java.lang.String,java.lang.Integer,java.lang.Integer,java.lang.Integer,java.lang.Integer)'.
However, the gherkin step has 4 arguments:
 * "Implementation"
 * 100
 * 10
 * 15
Step text: I create an activity named "Implementation" with 100 hours, start week 10, and end week 15
	at io.cucumber.core.runner.PickleStepDefinitionMatch.arityMismatch(PickleStepDefinitionMatch.java:82)
	at io.cucumber.core.runner.PickleStepDefinitionMatch.runStep(PickleStepDefinitionMatch.java:41)
	at io.cucumber.core.runner.ExecutionMode$1.execute(ExecutionMode.java:10)
	at io.cucumber.core.runner.TestStep.executeStep(TestStep.java:81)
	at io.cucumber.core.runner.TestStep.run(TestStep.java:53)
	at io.cucumber.core.runner.PickleStepTestStep.run(PickleStepTestStep.java:51)
	at io.cucumber.core.runner.TestCase.run(TestCase.java:84)
	at io.cucumber.core.runner.Runner.runPickle(Runner.java:75)
	at io.cucumber.junit.platform.engine.CucumberEngineExecutionContext.lambda$runTestCase$4(CucumberEngineExecutionContext.java:114)
	at io.cucumber.core.runtime.CucumberExecutionContext.lambda$runTestCase$5(CucumberExecutionContext.java:136)
	at io.cucumber.core.runtime.RethrowingThrowableCollector.executeAndThrow(RethrowingThrowableCollector.java:23)
	at io.cucumber.core.runtime.CucumberExecutionContext.runTestCase(CucumberExecutionContext.java:136)
	at io.cucumber.junit.platform.engine.CucumberEngineExecutionContext.runTestCase(CucumberEngineExecutionContext.java:111)
	at io.cucumber.junit.platform.engine.NodeDescriptor$PickleDescriptor.execute(NodeDescriptor.java:168)
	at io.cucumber.junit.platform.engine.NodeDescriptor$PickleDescriptor.execute(NodeDescriptor.java:90)
	at java.base/java.util.ArrayList.forEach(ArrayList.java:1597)
	at java.base/java.util.ArrayList.forEach(ArrayList.java:1597)
]]></error>
  </testcase>
  <testcase name="Registering hours on an activity - Multiple employees register hours" classname="Registering hours on an activity" time="0.004">
    <error message="Step [I create an activity named {string} with {int} hours, start week {int}, and end week {int}] is defined with 5 parameters at &apos;hellocucumber.StepDefinitions.i_create_an_activity(java.lang.String,java.lang.Integer,java.lang.Integer,java.lang.Integer,java.lang.Integer)&apos;.&#10;However, the gherkin step has 4 arguments:&#10; * &quot;Testing&quot;&#10; * 50&#10; * 12&#10; * 16&#10;Step text: I create an activity named &quot;Testing&quot; with 50 hours, start week 12, and end week 16" type="io.cucumber.core.exception.CucumberException"><![CDATA[io.cucumber.core.exception.CucumberException: 
Step [I create an activity named {string} with {int} hours, start week {int}, and end week {int}] is defined with 5 parameters at 'hellocucumber.StepDefinitions.i_create_an_activity(java.lang.String,java.lang.Integer,java.lang.Integer,java.lang.Integer,java.lang.Integer)'.
However, the gherkin step has 4 arguments:
 * "Testing"
 * 50
 * 12
 * 16
Step text: I create an activity named "Testing" with 50 hours, start week 12, and end week 16
	at io.cucumber.core.runner.PickleStepDefinitionMatch.arityMismatch(PickleStepDefinitionMatch.java:82)
	at io.cucumber.core.runner.PickleStepDefinitionMatch.runStep(PickleStepDefinitionMatch.java:41)
	at io.cucumber.core.runner.ExecutionMode$1.execute(ExecutionMode.java:10)
	at io.cucumber.core.runner.TestStep.executeStep(TestStep.java:81)
	at io.cucumber.core.runner.TestStep.run(TestStep.java:53)
	at io.cucumber.core.runner.PickleStepTestStep.run(PickleStepTestStep.java:51)
	at io.cucumber.core.runner.TestCase.run(TestCase.java:84)
	at io.cucumber.core.runner.Runner.runPickle(Runner.java:75)
	at io.cucumber.junit.platform.engine.CucumberEngineExecutionContext.lambda$runTestCase$4(CucumberEngineExecutionContext.java:114)
	at io.cucumber.core.runtime.CucumberExecutionContext.lambda$runTestCase$5(CucumberExecutionContext.java:136)
	at io.cucumber.core.runtime.RethrowingThrowableCollector.executeAndThrow(RethrowingThrowableCollector.java:23)
	at io.cucumber.core.runtime.CucumberExecutionContext.runTestCase(CucumberExecutionContext.java:136)
	at io.cucumber.junit.platform.engine.CucumberEngineExecutionContext.runTestCase(CucumberEngineExecutionContext.java:111)
	at io.cucumber.junit.platform.engine.NodeDescriptor$PickleDescriptor.execute(NodeDescriptor.java:168)
	at io.cucumber.junit.platform.engine.NodeDescriptor$PickleDescriptor.execute(NodeDescriptor.java:90)
	at java.base/java.util.ArrayList.forEach(ArrayList.java:1597)
	at java.base/java.util.ArrayList.forEach(ArrayList.java:1597)
]]></error>
  </testcase>
</testsuite>